
Réussite de la connexion de l'utilisateur
  -> DEBUG 02/03/20 12:13:08 - com.avista.dao.UtilisateurDAO.authentifierUtilisateur(UtilisateurDAO.java:44)

Réussite de l'exécution des requêtes
  -> DEBUG 02/03/20 12:13:08 - com.avista.dao.PiniDAO.VersionActuelle(PiniDAO.java:40)

com.microsoft.sqlserver.jdbc.SQLServerException: Syntaxe incorrecte vers 'GO'.
  -> ERROR 02/03/20 12:13:10 - com.avista.vues.FSaveMAJ.executeProcedureSave(FSaveMAJ.java:170)

Sauvegarde effectuée
  -> DEBUG 02/03/20 12:13:17 - com.avista.vues.FSaveMAJ.btnSaveActionPerformed(FSaveMAJ.java:123)

Réussite de la connexion de l'utilisateur
  -> DEBUG 02/03/20 12:14:05 - com.avista.dao.UtilisateurDAO.authentifierUtilisateur(UtilisateurDAO.java:44)

Réussite de l'exécution des requêtes
  -> DEBUG 02/03/20 12:14:05 - com.avista.dao.PiniDAO.VersionActuelle(PiniDAO.java:40)

com.microsoft.sqlserver.jdbc.SQLServerException: Syntaxe incorrecte vers 'GO'.
  -> ERROR 02/03/20 12:14:08 - com.avista.vues.FSaveMAJ.executeProcedureSave(FSaveMAJ.java:170)

Sauvegarde effectuée
  -> DEBUG 02/03/20 12:14:13 - com.avista.vues.FSaveMAJ.btnSaveActionPerformed(FSaveMAJ.java:123)

Réussite de la connexion de l'utilisateur
  -> DEBUG 02/03/20 12:14:50 - com.avista.dao.UtilisateurDAO.authentifierUtilisateur(UtilisateurDAO.java:44)

Réussite de l'exécution des requêtes
  -> DEBUG 02/03/20 12:14:50 - com.avista.dao.PiniDAO.VersionActuelle(PiniDAO.java:40)

com.microsoft.sqlserver.jdbc.SQLServerException: Syntaxe incorrecte vers 'GO'.
  -> ERROR 02/03/20 12:14:52 - com.avista.vues.FSaveMAJ.executeProcedureSave(FSaveMAJ.java:170)

Sauvegarde effectuée
  -> DEBUG 02/03/20 12:14:57 - com.avista.vues.FSaveMAJ.btnSaveActionPerformed(FSaveMAJ.java:123)

Réussite de la connexion de l'utilisateur
  -> DEBUG 02/03/20 12:17:20 - com.avista.dao.UtilisateurDAO.authentifierUtilisateur(UtilisateurDAO.java:44)

Réussite de l'exécution des requêtes
  -> DEBUG 02/03/20 12:17:20 - com.avista.dao.PiniDAO.VersionActuelle(PiniDAO.java:40)

Réussite de la connexion de l'utilisateur
  -> DEBUG 02/03/20 12:17:58 - com.avista.dao.UtilisateurDAO.authentifierUtilisateur(UtilisateurDAO.java:44)

Réussite de l'exécution des requêtes
  -> DEBUG 02/03/20 12:17:58 - com.avista.dao.PiniDAO.VersionActuelle(PiniDAO.java:40)

com.microsoft.sqlserver.jdbc.SQLServerException: Syntaxe incorrecte vers 'GO'.
  -> ERROR 02/03/20 12:18:00 - com.avista.vues.FSaveMAJ.executeProcedureSave(FSaveMAJ.java:170)

Sauvegarde effectuée
  -> DEBUG 02/03/20 12:18:03 - com.avista.vues.FSaveMAJ.btnSaveActionPerformed(FSaveMAJ.java:123)

Réussite de la connexion de l'utilisateur
  -> DEBUG 02/03/20 12:18:40 - com.avista.dao.UtilisateurDAO.authentifierUtilisateur(UtilisateurDAO.java:44)

Réussite de l'exécution des requêtes
  -> DEBUG 02/03/20 12:18:40 - com.avista.dao.PiniDAO.VersionActuelle(PiniDAO.java:40)

com.microsoft.sqlserver.jdbc.SQLServerException: Syntaxe incorrecte vers 'GO'.
  -> ERROR 02/03/20 12:18:42 - com.avista.vues.FSaveMAJ.executeProcedureSave(FSaveMAJ.java:170)

com.microsoft.sqlserver.jdbc.SQLServerException: Une erreur d'E/S non récupérable s'est produite dans le fichier "C:\Program Files\Microsoft SQL Server\MSSQL14.MSSQLSERVER\MSSQL\Backup\exfilesPLANETEVEGETAL_BDD_20200302.BAK" : 112(Espace insuffisant sur le disque.).
  -> ERROR 02/03/20 12:18:42 - com.avista.vues.FSaveMAJ.btnSaveActionPerformed(FSaveMAJ.java:128)

Réussite de la connexion de l'utilisateur
  -> DEBUG 02/03/20 12:19:16 - com.avista.dao.UtilisateurDAO.authentifierUtilisateur(UtilisateurDAO.java:44)

Réussite de l'exécution des requêtes
  -> DEBUG 02/03/20 12:19:16 - com.avista.dao.PiniDAO.VersionActuelle(PiniDAO.java:40)

Réussite de la connexion de l'utilisateur
  -> DEBUG 02/03/20 14:02:37 - com.avista.dao.UtilisateurDAO.authentifierUtilisateur(UtilisateurDAO.java:44)

Réussite de l'exécution des requêtes
  -> DEBUG 02/03/20 14:02:37 - com.avista.dao.PiniDAO.VersionActuelle(PiniDAO.java:40)

com.microsoft.sqlserver.jdbc.SQLServerException: Syntaxe incorrecte vers 'GO'.
  -> ERROR 02/03/20 14:02:40 - com.avista.vues.FSaveMAJ.executeProcedureSave(FSaveMAJ.java:170)

Sauvegarde effectuée
  -> DEBUG 02/03/20 14:02:43 - com.avista.vues.FSaveMAJ.btnSaveActionPerformed(FSaveMAJ.java:123)

Réussite de la connexion de l'utilisateur
  -> DEBUG 02/03/20 14:04:27 - com.avista.dao.UtilisateurDAO.authentifierUtilisateur(UtilisateurDAO.java:44)

Réussite de l'exécution des requêtes
  -> DEBUG 02/03/20 14:04:27 - com.avista.dao.PiniDAO.VersionActuelle(PiniDAO.java:40)

com.microsoft.sqlserver.jdbc.SQLServerException: Syntaxe incorrecte vers 'GO'.
  -> ERROR 02/03/20 14:04:29 - com.avista.vues.FSaveMAJ.executeProcedureSave(FSaveMAJ.java:170)

Sauvegarde effectuée
  -> DEBUG 02/03/20 14:04:32 - com.avista.vues.FSaveMAJ.btnSaveActionPerformed(FSaveMAJ.java:123)

Réussite de la connexion de l'utilisateur
  -> DEBUG 02/03/20 14:06:16 - com.avista.dao.UtilisateurDAO.authentifierUtilisateur(UtilisateurDAO.java:44)

Réussite de l'exécution des requêtes
  -> DEBUG 02/03/20 14:06:16 - com.avista.dao.PiniDAO.VersionActuelle(PiniDAO.java:40)

Réussite de la connexion de l'utilisateur
  -> DEBUG 02/03/20 14:12:56 - com.avista.dao.UtilisateurDAO.authentifierUtilisateur(UtilisateurDAO.java:44)

Réussite de l'exécution des requêtes
  -> DEBUG 02/03/20 14:12:56 - com.avista.dao.PiniDAO.VersionActuelle(PiniDAO.java:40)

Sauvegarde effectuée
  -> DEBUG 02/03/20 14:13:00 - com.avista.vues.FSaveMAJ.btnSaveActionPerformed(FSaveMAJ.java:123)

Réussite de la connexion de l'utilisateur
  -> DEBUG 02/03/20 14:19:51 - com.avista.dao.UtilisateurDAO.authentifierUtilisateur(UtilisateurDAO.java:44)

Réussite de l'exécution des requêtes
  -> DEBUG 02/03/20 14:19:51 - com.avista.dao.PiniDAO.VersionActuelle(PiniDAO.java:40)

Sauvegarde effectuée
  -> DEBUG 02/03/20 14:20:02 - com.avista.vues.FSaveMAJ.btnSaveActionPerformed(FSaveMAJ.java:123)

Réussite de la connexion de l'utilisateur
  -> DEBUG 02/03/20 14:22:31 - com.avista.dao.UtilisateurDAO.authentifierUtilisateur(UtilisateurDAO.java:44)

Réussite de l'exécution des requêtes
  -> DEBUG 02/03/20 14:22:31 - com.avista.dao.PiniDAO.VersionActuelle(PiniDAO.java:40)

Sauvegarde effectuée
  -> DEBUG 02/03/20 14:22:37 - com.avista.vues.FSaveMAJ.btnSaveActionPerformed(FSaveMAJ.java:123)

Réussite de la connexion de l'utilisateur
  -> DEBUG 02/03/20 16:42:48 - com.avista.dao.UtilisateurDAO.authentifierUtilisateur(UtilisateurDAO.java:44)

Réussite de l'exécution des requêtes
  -> DEBUG 02/03/20 16:42:48 - com.avista.dao.PiniDAO.VersionActuelle(PiniDAO.java:40)

Réussite de la connexion de l'utilisateur
  -> DEBUG 02/03/20 16:45:57 - com.avista.dao.UtilisateurDAO.authentifierUtilisateur(UtilisateurDAO.java:44)

Réussite de l'exécution des requêtes
  -> DEBUG 02/03/20 16:45:57 - com.avista.dao.PiniDAO.VersionActuelle(PiniDAO.java:40)
